<?xml version="1.0" encoding="UTF-8"?>
<testsuite name="CipherTest" tests="1" skipped="0" failures="0" errors="0" timestamp="2020-01-26T05:49:13" hostname="moringaschool-hp-elitebook-840-g3-louis" time="0.001">
  <properties/>
  <testcase name="takeUserKey_getsUserKey_int" classname="CipherTest" time="0.001"/>
  <system-out><![CDATA[]]></system-out>
  <system-err><![CDATA[]]></system-err>
</testsuite>
